{"level":"info","message":"User rejinio logged in"}
{"level":"info","message":"User rejinio logged in"}
{"level":"info","message":"User rejinio logged in"}
{"level":"info","message":"User rejinio accessed /tasks"}
{"level":"info","message":"User rejinio accessed /tasks?completed=true"}
{"level":"info","message":"User rejinio accessed /tasks?completed=false"}
{"level":"info","message":"User rejinio accessed /tasks?"}
{"level":"info","message":"User rejinio accessed /tasks?priority=7"}
{"level":"info","message":"User rejinio accessed /tasks?priority=6"}
{"level":"info","message":"User rejinio accessed /tasks?priority=3"}
{"level":"info","message":"User rejinio accessed /tasks"}
{"level":"info","message":"User rejinio accessed /tasks"}
{"level":"info","message":"User rejinio accessed /tasks"}
{"level":"info","message":"User rejinio accessed /tasks"}
{"level":"info","message":"User rejinio accessed /tasks"}
{"level":"info","message":"User rejinio accessed /tasks"}
{"level":"info","message":"User rejinio accessed /tasks"}
{"level":"info","message":"User rejinio accessed /tasks"}
{"level":"info","message":"User rejinio accessed /tasks"}
{"level":"info","message":"User rejinio accessed /tasks"}
{"level":"info","message":"User rejinio accessed /tasks"}
{"level":"info","message":"User rejinio accessed /tasks"}
{"level":"info","message":"User rejinio accessed /tasks"}
{"level":"info","message":"User rejinio accessed /tasks"}
{"level":"info","message":"User rejinio accessed /tasks?sort=desc"}
{"level":"info","message":"User rejinio accessed /tasks?sort=desc"}
{"level":"info","message":"User rejinio accessed /tasks?sort=asc"}
{"level":"info","message":"User rejinio accessed /tasks?sort=asc"}
{"level":"info","message":"User rejinio accessed /tasks?sort=asc"}
{"level":"info","message":"User rejinio accessed /tasks?sort=asc"}
{"level":"info","message":"User rejinio accessed /tasks?sort=desc"}
{"level":"info","message":"User rejinio accessed /tasks?sort=asc"}
{"level":"info","message":"User rejinio accessed /tasks?sort=asc"}
{"level":"info","message":"User rejinio accessed /tasks?sort=desc"}
{"level":"info","message":"User rejinio accessed /tasks?sort=desc"}
{"level":"info","message":"User rejinio accessed /tasks?sort=asc"}
{"level":"info","message":"User rejinio accessed /tasks?sort=asc"}
{"level":"info","message":"User rejinio accessed /tasks?sort=asc"}
{"level":"info","message":"User rejinio accessed /tasks?sort=asc"}
{"level":"info","message":"User rejinio accessed /tasks?sort=desc"}
{"level":"info","message":"User rejinio accessed /tasks"}
{"level":"info","message":"User rejinio accessed /tasks?sort=desc"}
{"level":"info","message":"User rejinio accessed /tasks?sort=asc"}
{"level":"info","message":"User rejinio logged in"}
{"level":"info","message":"User rejinio accessed /tasks?sort=asc"}
{"level":"info","message":"User rejinio accessed /tasks?sort=desc"}
{"level":"info","message":"User rejinio accessed /tasks?sort=asc"}
{"level":"info","message":"User rejinio accessed /tasks?sort=asc"}
{"level":"info","message":"User rejinio accessed /profile"}
{"level":"info","message":"User rejinio accessed /profile"}
{"level":"info","message":"User rejinio accessed /profile"}
{"level":"info","message":"User rejinio accessed /profile"}
{"level":"info","message":"User reji logged in"}
{"level":"info","message":"User reji accessed /users/random"}
{"level":"info","message":"User reji accessed /users/random"}
{"level":"info","message":"User reji accessed /users/random"}
{"level":"info","message":"User reji accessed /users/random"}
{"level":"info","message":"User reji accessed /users/random"}
{"level":"info","message":"User reji accessed /users/random"}
{"level":"info","message":"User rejinio logged in"}
{"level":"info","message":"User reji logged in"}
{"level":"info","message":"User reji accessed /tasks"}
{"level":"info","message":"User reji accessed /tasks"}
{"level":"info","message":"User reji accessed /tasks?sort=asc"}
{"level":"info","message":"User reji accessed /tasks"}
{"level":"info","message":"User reji accessed /tasks?sort=asc"}
{"level":"info","message":"User reji accessed /tasks?sort=asc"}
{"level":"info","message":"User reji accessed /tasks"}
{"level":"info","message":"User reji accessed /tasks?sort=asc"}
{"level":"info","message":"User reji accessed /tasks"}
{"level":"info","message":"User reji accessed /tasks?sort=desc"}
{"level":"info","message":"User reji accessed /tasks?sort=asc"}
{"level":"info","message":"User reji accessed /tasks?sort=desc"}
{"level":"info","message":"User reji accessed /tasks?priority=7"}
{"level":"info","message":"User reji accessed /tasks?priority=7"}
{"level":"info","message":"User reji accessed /tasks?priority=10"}
{"level":"info","message":"User reji accessed /tasks?priority=10"}
{"level":"info","message":"User reziko logged in"}
{"level":"info","message":"User reziko accessed /users/random"}
{"level":"info","message":"User reziko accessed /users/67d5dff2d707c92eaa727d7c"}
{"level":"info","message":"User reziko1 logged in"}
{"level":"info","message":"User reziko1 accessed /users/67d5dff2d707c92eaa727d7c"}
{"level":"info","message":"User reji logged in"}
{"level":"info","message":"User reji accessed /tasks"}
{"level":"info","message":"User reji accessed /tasks"}
{"level":"info","message":"User reji accessed /tasks"}
{"level":"info","message":"User reziko1 accessed /tasks?priority=10"}
{"level":"info","message":"User reziko1 logged in"}
{"level":"info","message":"User reziko1 accessed /tasks?priority=10"}
{"level":"info","message":"User reziko1 accessed /tasks"}
{"level":"info","message":"User reziko1 accessed /tasks?completed=false"}
{"level":"info","message":"User reziko1 accessed /tasks?completed=true"}
{"level":"info","message":"User reziko1 accessed /tasks"}
{"level":"info","message":"User reziko1 accessed /users/67d5afbf0800f384873b2e30"}
{"level":"info","message":"User reziko1 accessed /tasks"}
{"level":"info","message":"User reziko1 accessed /tasks"}
{"level":"info","message":"User reziko1 accessed /tasks"}
{"level":"info","message":"User reziko1 accessed /tasks"}
{"level":"info","message":"User rejinio logged in"}
{"level":"info","message":"User rejinio accessed /tasks"}
{"level":"info","message":"User rejinio accessed /tasks"}
{"level":"info","message":"User rejinio accessed /users/67d5e0e8d707c92eaa727d7e"}
{"level":"info","message":"User rejinio accessed /tasks"}
{"level":"info","message":"User rejinio accessed /users/67d5e00cd707c92eaa727d7d"}
{"level":"info","message":"User rejinio accessed /tasks"}
